<html>
<body>
<pre>
<h1>µVision Build Log</h1>
<h2>Tool Versions:</h2>
IDE-Version: µVision V5.26.2.0
Copyright (C) 2018 ARM Ltd and ARM Germany GmbH. All rights reserved.
License Information: E D, I, LIC=----
 
Tool Versions:
Toolchain:       MDK-Lite  Version: 5.26.2.0
Toolchain Path:  D:\Keil_v5\ARM\ARMCC\Bin
C Compiler:      Armcc.exe V5.06 update 6 (build 750)
Assembler:       Armasm.exe V5.06 update 6 (build 750)
Linker/Locator:  ArmLink.exe V5.06 update 6 (build 750)
Library Manager: ArmAr.exe V5.06 update 6 (build 750)
Hex Converter:   FromElf.exe V5.06 update 6 (build 750)
CPU DLL:         SARMCM3.DLL V5.26.2.0
Dialog DLL:      DCM.DLL V1.17.2.0
Target DLL:      STLink\ST-LINKIII-KEIL_SWO.dll V3.0.5.0
Dialog DLL:      TCM.DLL V1.36.1.0
 
<h2>Project:</h2>
G:\Definitive_Sept_2018_STM32_TP_Texts\STM32\STM32_TPs_verMaster\GL3_Bas_Niveau_TPs\STM32_DiscoveryF100RB_StdLib\manip_2-1_Led_FWL\ARM_MDK\manip.uvprojx
Project File Date:  10/31/2019

<h2>Output:</h2>
*** Using Compiler 'V5.06 update 6 (build 750)', folder: 'D:\Keil_v5\ARM\ARMCC\Bin'
Build target 'Target 1'
compiling main.c...
..\main.c(15): error:  #29: expected an expression
      RCC_APB2PeriphClockCmd (.................., ..........);
..\main.c(15): error:  #29: expected an expression
      RCC_APB2PeriphClockCmd (.................., ..........);
..\main.c(18): error:  #29: expected an expression
    GPIO_InitStructure.GPIO_Pin = ..................;
..\main.c(20): error:  #29: expected an expression
    GPIO_InitStructure.GPIO_Mode = ............... ;// output Push Pull
..\main.c(21): error:  #29: expected an expression
    GPIO_Init(........., .........);
..\main.c(21): error:  #29: expected an expression
    GPIO_Init(........., .........);
..\main.c(26): error:  #29: expected an expression
   GPIO_SetBits(.........., ..................);
..\main.c(26): error:  #29: expected an expression
   GPIO_SetBits(.........., ..................);
..\main.c(30): error:  #29: expected an expression
   ..............(........,.............);  
..\main.c: 0 warnings, 9 errors
compiling stm32f10x_it.c...
compiling core_cm3.c...
compiling misc.c...
compiling system_stm32f10x.c...
compiling stm32f10x_gpio.c...
compiling stm32f10x_rcc.c...
assembling startup_stm32f10x_md_vl.s...
".\Objects\manip.axf" - 9 Error(s), 0 Warning(s).

<h2>Software Packages used:</h2>

Package Vendor: Keil
                http://www.keil.com/pack/Keil.STM32F1xx_DFP.2.3.0.pack
                Keil.STM32F1xx_DFP.2.3.0
                STMicroelectronics STM32F1 Series Device Support, Drivers and Examples

<h2>Collection of Component include folders:</h2>
  .\RTE\_Target_1
  D:\Keil_v5\ARM\PACK\Keil\STM32F1xx_DFP\2.3.0\Device\Include

<h2>Collection of Component Files used:</h2>
Target not created.
Build Time Elapsed:  00:00:03
</pre>
</body>
</html>
